#
# A fatal error has been detected by the Java Runtime Environment:
#
#  SIGSEGV (0xb) at pc=0x000000012a3eebdc, pid=2325, tid=18691
#
# JRE version: Java(TM) SE Runtime Environment (11.0.6+8) (build 11.0.6+8-LTS)
# Java VM: Java HotSpot(TM) 64-Bit Server VM (11.0.6+8-LTS, mixed mode, tiered, compressed oops, g1 gc, bsd-amd64)
# Problematic frame:
# C  [libLeap.dylib+0x27bdc]  _ZNK4Leap14InteractionBox9toCStringEv+0x2f8c
#
# No core dump will be written. Core dumps have been disabled. To enable core dumping, try "ulimit -c unlimited" before starting Java again
#
# If you would like to submit a bug report, please visit:
#   http://bugreport.java.com/bugreport/crash.jsp
# The crash happened outside the Java Virtual Machine in native code.
# See problematic frame for where to report the bug.
#

---------------  S U M M A R Y ------------

Command Line: -Dfile.encoding=UTF-8 -Djava.library.path=/Users/benjaminhomm/Desktop/LeapMotion/LeapSDK/lib --add-modules=javafx.controls,javafx.fxml --module-path=/Users/benjaminhomm/NetBeansProjects/LeapFX/build/classes:/Users/benjaminhomm/Desktop/LeapMotion/LeapSDK/lib/LeapJava.jar:/Users/benjaminhomm/javafx-sdk-11.0.2/lib/javafx-swt.jar:/Users/benjaminhomm/javafx-sdk-11.0.2/lib/javafx.base.jar:/Users/benjaminhomm/javafx-sdk-11.0.2/lib/javafx.controls.jar:/Users/benjaminhomm/javafx-sdk-11.0.2/lib/javafx.fxml.jar:/Users/benjaminhomm/javafx-sdk-11.0.2/lib/javafx.graphics.jar:/Users/benjaminhomm/javafx-sdk-11.0.2/lib/javafx.media.jar:/Users/benjaminhomm/javafx-sdk-11.0.2/lib/javafx.swing.jar:/Users/benjaminhomm/javafx-sdk-11.0.2/lib/javafx.web.jar leapfx.Leap

Host: iMac17,1 x86_64 3200 MHz, 4 cores, 8G, Darwin 19.4.0
Time: Mon Jun  1 13:09:00 2020 CEST elapsed time: 4 seconds (0d 0h 0m 4s)

---------------  T H R E A D  ---------------

Current thread (0x00007fb06a027000):  JavaThread "Finalizer" daemon [_thread_in_native, id=18691, stack(0x0000700002797000,0x0000700002897000)]

Stack: [0x0000700002797000,0x0000700002897000],  sp=0x0000700002896870,  free space=1022k
Native frames: (J=compiled Java code, A=aot compiled Java code, j=interpreted, Vv=VM code, C=native code)
C  [libLeap.dylib+0x27bdc]  _ZNK4Leap14InteractionBox9toCStringEv+0x2f8c
C  [libLeap.dylib+0xcf4f]  _ZN4Leap10ControllerD0Ev+0x3f
j  com.leapmotion.leap.LeapJNI.delete_Controller(J)V+0
j  com.leapmotion.leap.Controller.delete()V+25
j  com.leapmotion.leap.Controller.finalize()V+1
J 1375 c1 java.lang.ref.Finalizer.runFinalizer(Ljdk/internal/access/JavaLangAccess;)V java.base@11.0.6 (117 bytes) @ 0x000000010e8bb60c [0x000000010e8baf40+0x00000000000006cc]
j  java.lang.ref.Finalizer$FinalizerThread.run()V+46 java.base@11.0.6
v  ~StubRoutines::call_stub
V  [libjvm.dylib+0x39ac18]  _ZN9JavaCalls11call_helperEP9JavaValueRK12methodHandleP17JavaCallArgumentsP6Thread+0x21a
V  [libjvm.dylib+0x39a07e]  _ZN9JavaCalls12call_virtualEP9JavaValueP5KlassP6SymbolS5_P17JavaCallArgumentsP6Thread+0xee
V  [libjvm.dylib+0x39a13a]  _ZN9JavaCalls12call_virtualEP9JavaValue6HandleP5KlassP6SymbolS6_P6Thread+0x62
V  [libjvm.dylib+0x41e1dc]  _ZL12thread_entryP10JavaThreadP6Thread+0x78
V  [libjvm.dylib+0x6ed0e8]  _ZN10JavaThread17thread_main_innerEv+0x82
V  [libjvm.dylib+0x6ecf33]  _ZN10JavaThread3runEv+0x1a3
V  [libjvm.dylib+0x6eafa8]  _ZN6Thread8call_runEv+0x60
V  [libjvm.dylib+0x5efda3]  _ZL19thread_native_entryP6Thread+0x139
C  [libsystem_pthread.dylib+0x6109]  _pthread_start+0x94
C  [libsystem_pthread.dylib+0x1b8b]  thread_start+0xf

Java frames: (J=compiled Java code, j=interpreted, Vv=VM code)
j  com.leapmotion.leap.LeapJNI.delete_Controller(J)V+0
j  com.leapmotion.leap.Controller.delete()V+25
j  com.leapmotion.leap.Controller.finalize()V+1
J 1375 c1 java.lang.ref.Finalizer.runFinalizer(Ljdk/internal/access/JavaLangAccess;)V java.base@11.0.6 (117 bytes) @ 0x000000010e8bb60c [0x000000010e8baf40+0x00000000000006cc]
j  java.lang.ref.Finalizer$FinalizerThread.run()V+46 java.base@11.0.6
v  ~StubRoutines::call_stub

siginfo: si_signo: 11 (SIGSEGV), si_code: 0 (unknown), si_addr: 0x0000000000000000

Register to memory mapping:

RAX=0x6d6f635f6176614a is an unknown value
RBX=0x00007fb0694dd330 points into unknown readable memory: 80 9b 4b 2a 01 00 00 00
RCX=0x00007fb06bd2fd00 points into unknown readable memory: 00 00 00 00 00 00 00 00
RDX=0x0 is NULL
RSP=0x0000700002896870 is pointing into the stack for thread: 0x00007fb06a027000
RBP=0x00007000028968c0 is pointing into the stack for thread: 0x00007fb06a027000
RSI=0x0 is NULL
RDI=0x00007fb0696fed30 points into unknown readable memory: 00 00 00 00 09 00 00 00
R8 =0x0 is NULL
R9 =0x0000000100000000 is an unknown value
R10=0x0 is NULL
R11=0x0 is NULL
R12=0x00007fb06aae7920 points into unknown readable memory: 58 54 55 4d 00 00 00 00
R13=0x00007fb06aae7400 points into unknown readable memory: e0 9c 4b 2a 01 00 00 00
R14=0x00007fb0696c71b0 points into unknown readable memory: 00 00 00 00 00 00 00 00
R15=0x0000700002896888 is pointing into the stack for thread: 0x00007fb06a027000


Registers:
RAX=0x6d6f635f6176614a, RBX=0x00007fb0694dd330, RCX=0x00007fb06bd2fd00, RDX=0x0000000000000000
RSP=0x0000700002896870, RBP=0x00007000028968c0, RSI=0x0000000000000000, RDI=0x00007fb0696fed30
R8 =0x0000000000000000, R9 =0x0000000100000000, R10=0x0000000000000000, R11=0x0000000000000000
R12=0x00007fb06aae7920, R13=0x00007fb06aae7400, R14=0x00007fb0696c71b0, R15=0x0000700002896888
RIP=0x000000012a3eebdc, EFLAGS=0x0000000000010216, ERR=0x0000000000000000
  TRAPNO=0x000000000000000d

Top of Stack: (sp=0x0000700002896870)
0x0000700002896870:   00007fb06aae7618 00007fb06aae78a0
0x0000700002896880:   00007fb0696c71b0 00007fb0696c71b0
0x0000700002896890:   0000000000000001 00007fb0694dd330
0x00007000028968a0:   0000000000000000 000000012a1b4280
0x00007000028968b0:   00007fb06bd2fc90 00007fb06a027000
0x00007000028968c0:   00007000028968e0 000000012a3d3f4f
0x00007000028968d0:   000000012a1b4280 0000700002896978
0x00007000028968e0:   0000700002896950 000000010e0d2950
0x00007000028968f0:   0000700002896950 000000010e0d269e
0x0000700002896900:   000000010e0d2656 0000700002896908
0x0000700002896910:   000000012a1b4280 0000700002896978
0x0000700002896920:   000000012a1b7d10 0000000000000000
0x0000700002896930:   00000007833c4288 000000012a1b4280
0x0000700002896940:   0000000000000000 0000700002896970
0x0000700002896950:   00007000028969d8 000000010e0ccca7
0x0000700002896960:   00000007833c4288 000000010e0cf898
0x0000700002896970:   00007fb0694dd330 0000000000000000
0x0000700002896980:   0000000000000000 0000000783094460
0x0000700002896990:   0000700002896980 0000000129cc1121
0x00007000028969a0:   00007000028969e8 0000000129f10fe8
0x00007000028969b0:   0000000000000000 00000007833c4758
0x00007000028969c0:   0000000129cc1138 0000700002896970
0x00007000028969d0:   00007000028969e8 0000700002896a38
0x00007000028969e0:   000000010e0ccca7 0000000783094460
0x00007000028969f0:   00007000028969f0 0000000129cc1069
0x0000700002896a00:   0000700002896a48 0000000129f10fe8
0x0000700002896a10:   0000000000000000 00000007833c4758
0x0000700002896a20:   0000000129cc1078 00007000028969e8
0x0000700002896a30:   0000700002896a50 0000700002896b18
0x0000700002896a40:   000000010e8bb60c 0000000783094460
0x0000700002896a50:   0000000000000003 0000000783310620
0x0000700002896a60:   0000000123ffa2d1 0000700002896ac8 

Instructions: (pc=0x000000012a3eebdc)
0x000000012a3eebbc:   fe ff 4c 8b 75 c0 4c 8d 7d c8 66 2e 0f 1f 84 00
0x000000012a3eebcc:   00 00 00 00 4d 39 fe 74 7d 49 8b 7e 20 48 8b 07
0x000000012a3eebdc:   48 8b 40 28 48 89 de ff d0 49 8b 46 08 48 85 c0
0x000000012a3eebec:   74 12 66 90 49 89 c6 49 8b 06 48 85 c0 75 f5 eb 

Stack slot to memory mapping:
stack at sp + 0 slots: 0x00007fb06aae7618 points into unknown readable memory: 50 ac 6b 69 b0 7f 00 00
stack at sp + 1 slots: 0x00007fb06aae78a0 points into unknown readable memory: 5a 54 55 4d 00 00 00 00
stack at sp + 2 slots: 0x00007fb0696c71b0 points into unknown readable memory: 00 00 00 00 00 00 00 00
stack at sp + 3 slots: 0x00007fb0696c71b0 points into unknown readable memory: 00 00 00 00 00 00 00 00
stack at sp + 4 slots: 0x0000000000000001 is an unknown value
stack at sp + 5 slots: 0x00007fb0694dd330 points into unknown readable memory: 80 9b 4b 2a 01 00 00 00
stack at sp + 6 slots: 0x0 is NULL
stack at sp + 7 slots: {method} {0x000000012a1b4280} 'delete_Controller' '(J)V' in 'com/leapmotion/leap/LeapJNI'


---------------  P R O C E S S  ---------------

Threads class SMR info:
_java_thread_list=0x00007fb069567b60, length=14, elements={
0x00007fb069809800, 0x00007fb06a022000, 0x00007fb06a027000, 0x00007fb06a847000,
0x00007fb06a022800, 0x00007fb06a866800, 0x00007fb06a871800, 0x00007fb06a023800,
0x00007fb06a809800, 0x00007fb069993000, 0x00007fb06b238800, 0x00007fb069822000,
0x00007fb06b274000, 0x00007fb06aa0f000
}

Java Threads: ( => current thread )
  0x00007fb069809800 JavaThread "main" [_thread_blocked, id=10243, stack(0x0000700001f7f000,0x000070000207f000)]
  0x00007fb06a022000 JavaThread "Reference Handler" daemon [_thread_blocked, id=13059, stack(0x0000700002694000,0x0000700002794000)]
=>0x00007fb06a027000 JavaThread "Finalizer" daemon [_thread_in_native, id=18691, stack(0x0000700002797000,0x0000700002897000)]
  0x00007fb06a847000 JavaThread "Signal Dispatcher" daemon [_thread_blocked, id=17411, stack(0x00007000029a0000,0x0000700002aa0000)]
  0x00007fb06a022800 JavaThread "C2 CompilerThread0" daemon [_thread_blocked, id=16643, stack(0x0000700002aa3000,0x0000700002ba3000)]
  0x00007fb06a866800 JavaThread "C1 CompilerThread0" daemon [_thread_blocked, id=16387, stack(0x0000700002ba6000,0x0000700002ca6000)]
  0x00007fb06a871800 JavaThread "Sweeper thread" daemon [_thread_blocked, id=43267, stack(0x0000700002ca9000,0x0000700002da9000)]
  0x00007fb06a023800 JavaThread "Common-Cleaner" daemon [_thread_blocked, id=42755, stack(0x0000700002dac000,0x0000700002eac000)]
  0x00007fb06a809800 JavaThread "Service Thread" daemon [_thread_blocked, id=22275, stack(0x0000700002eaf000,0x0000700002faf000)]
  0x00007fb069993000 JavaThread "QuantumRenderer-0" daemon [_thread_blocked, id=23043, stack(0x00007000030b5000,0x00007000031b5000)]
  0x00007fb06b238800 JavaThread "InvokeLaterDispatcher" daemon [_thread_blocked, id=27395, stack(0x00007000033be000,0x00007000034be000)]
  0x00007fb069822000 JavaThread "JavaFX Application Thread" [_thread_in_native, id=775, stack(0x00007ffeeb62f000,0x00007ffeebe2f000)]
  0x00007fb06b274000 JavaThread "Thread-2" daemon [_thread_in_native, id=85251, stack(0x0000700003544000,0x00007000035c4000)]
  0x00007fb06aa0f000 JavaThread "JavaFX-Launcher" [_thread_blocked, id=51203, stack(0x00007000035c7000,0x00007000036c7000)]

Other Threads:
  0x00007fb06980e800 VMThread "VM Thread" [stack: 0x0000700002591000,0x0000700002691000] [id=19459]
  0x00007fb06a89d800 WatcherThread [stack: 0x0000700002fb2000,0x00007000030b2000] [id=41987]
  0x00007fb06a80e000 GCTaskThread "GC Thread#0" [stack: 0x0000700002082000,0x0000700002182000] [id=21251]
  0x00007fb06b22f800 GCTaskThread "GC Thread#1" [stack: 0x00007000031b8000,0x00007000032b8000] [id=26635]
  0x00007fb0699a4800 GCTaskThread "GC Thread#2" [stack: 0x00007000032bb000,0x00007000033bb000] [id=27139]
  0x00007fb06b59c800 GCTaskThread "GC Thread#3" [stack: 0x0000700003f7d000,0x000070000407d000] [id=63495]
  0x00007fb06b02e800 ConcurrentGCThread "G1 Main Marker" [stack: 0x0000700002185000,0x0000700002285000] [id=11523]
  0x00007fb06b02f000 ConcurrentGCThread "G1 Conc#0" [stack: 0x0000700002288000,0x0000700002388000] [id=12291]
  0x00007fb06b080000 ConcurrentGCThread "G1 Refine#0" [stack: 0x000070000238b000,0x000070000248b000] [id=12547]
  0x00007fb06b080800 ConcurrentGCThread "G1 Young RemSet Sampling" [stack: 0x000070000248e000,0x000070000258e000] [id=19971]

Threads with active compile tasks:

VM state:not at safepoint (normal execution)

VM Mutex/Monitor currently owned by a thread: None

Heap address: 0x0000000780000000, size: 2048 MB, Compressed Oops mode: Zero based, Oop shift amount: 3
Narrow klass base: 0x0000000800000000, Narrow klass shift: 0
Compressed class space size: 1073741824 Address: 0x0000000800000000

Heap:
 garbage-first heap   total 131072K, used 6113K [0x0000000780000000, 0x0000000800000000)
  region size 1024K, 7 young (7168K), 5 survivors (5120K)
 Metaspace       used 19103K, capacity 19664K, committed 19840K, reserved 1067008K
  class space    used 2168K, capacity 2412K, committed 2432K, reserved 1048576K
Heap Regions: E=young(eden), S=young(survivor), O=old, HS=humongous(starts), HC=humongous(continues), CS=collection set, F=free, A=archive, TAMS=top-at-mark-start (previous, next)
|   0|0x0000000780000000, 0x0000000780000000, 0x0000000780100000|  0%| F|  |TAMS 0x0000000780000000, 0x0000000780000000| Untracked 
|   1|0x0000000780100000, 0x0000000780100000, 0x0000000780200000|  0%| F|  |TAMS 0x0000000780100000, 0x0000000780100000| Untracked 
|   2|0x0000000780200000, 0x0000000780200000, 0x0000000780300000|  0%| F|  |TAMS 0x0000000780200000, 0x0000000780200000| Untracked 
|   3|0x0000000780300000, 0x0000000780300000, 0x0000000780400000|  0%| F|  |TAMS 0x0000000780300000, 0x0000000780300000| Untracked 
|   4|0x0000000780400000, 0x0000000780400000, 0x0000000780500000|  0%| F|  |TAMS 0x0000000780400000, 0x0000000780400000| Untracked 
|   5|0x0000000780500000, 0x0000000780500000, 0x0000000780600000|  0%| F|  |TAMS 0x0000000780500000, 0x0000000780500000| Untracked 
|   6|0x0000000780600000, 0x0000000780600000, 0x0000000780700000|  0%| F|  |TAMS 0x0000000780600000, 0x0000000780600000| Untracked 
|   7|0x0000000780700000, 0x0000000780700000, 0x0000000780800000|  0%| F|  |TAMS 0x0000000780700000, 0x0000000780700000| Untracked 
|   8|0x0000000780800000, 0x0000000780800000, 0x0000000780900000|  0%| F|  |TAMS 0x0000000780800000, 0x0000000780800000| Untracked 
|   9|0x0000000780900000, 0x0000000780900000, 0x0000000780a00000|  0%| F|  |TAMS 0x0000000780900000, 0x0000000780900000| Untracked 
|  10|0x0000000780a00000, 0x0000000780a00000, 0x0000000780b00000|  0%| F|  |TAMS 0x0000000780a00000, 0x0000000780a00000| Untracked 
|  11|0x0000000780b00000, 0x0000000780b00000, 0x0000000780c00000|  0%| F|  |TAMS 0x0000000780b00000, 0x0000000780b00000| Untracked 
|  12|0x0000000780c00000, 0x0000000780c00000, 0x0000000780d00000|  0%| F|  |TAMS 0x0000000780c00000, 0x0000000780c00000| Untracked 
|  13|0x0000000780d00000, 0x0000000780d00000, 0x0000000780e00000|  0%| F|  |TAMS 0x0000000780d00000, 0x0000000780d00000| Untracked 
|  14|0x0000000780e00000, 0x0000000780e00000, 0x0000000780f00000|  0%| F|  |TAMS 0x0000000780e00000, 0x0000000780e00000| Untracked 
|  15|0x0000000780f00000, 0x0000000780f00000, 0x0000000781000000|  0%| F|  |TAMS 0x0000000780f00000, 0x0000000780f00000| Untracked 
|  16|0x0000000781000000, 0x0000000781000000, 0x0000000781100000|  0%| F|  |TAMS 0x0000000781000000, 0x0000000781000000| Untracked 
|  17|0x0000000781100000, 0x0000000781100000, 0x0000000781200000|  0%| F|  |TAMS 0x0000000781100000, 0x0000000781100000| Untracked 
|  18|0x0000000781200000, 0x0000000781200000, 0x0000000781300000|  0%| F|  |TAMS 0x0000000781200000, 0x0000000781200000| Untracked 
|  19|0x0000000781300000, 0x0000000781300000, 0x0000000781400000|  0%| F|  |TAMS 0x0000000781300000, 0x0000000781300000| Untracked 
|  20|0x0000000781400000, 0x0000000781400000, 0x0000000781500000|  0%| F|  |TAMS 0x0000000781400000, 0x0000000781400000| Untracked 
|  21|0x0000000781500000, 0x0000000781500000, 0x0000000781600000|  0%| F|  |TAMS 0x0000000781500000, 0x0000000781500000| Untracked 
|  22|0x0000000781600000, 0x0000000781600000, 0x0000000781700000|  0%| F|  |TAMS 0x0000000781600000, 0x0000000781600000| Untracked 
|  23|0x0000000781700000, 0x0000000781700000, 0x0000000781800000|  0%| F|  |TAMS 0x0000000781700000, 0x0000000781700000| Untracked 
|  24|0x0000000781800000, 0x0000000781800000, 0x0000000781900000|  0%| F|  |TAMS 0x0000000781800000, 0x0000000781800000| Untracked 
|  25|0x0000000781900000, 0x0000000781900000, 0x0000000781a00000|  0%| F|  |TAMS 0x0000000781900000, 0x0000000781900000| Untracked 
|  26|0x0000000781a00000, 0x0000000781a00000, 0x0000000781b00000|  0%| F|  |TAMS 0x0000000781a00000, 0x0000000781a00000| Untracked 
|  27|0x0000000781b00000, 0x0000000781b00000, 0x0000000781c00000|  0%| F|  |TAMS 0x0000000781b00000, 0x0000000781b00000| Untracked 
|  28|0x0000000781c00000, 0x0000000781c00000, 0x0000000781d00000|  0%| F|  |TAMS 0x0000000781c00000, 0x0000000781c00000| Untracked 
|  29|0x0000000781d00000, 0x0000000781d00000, 0x0000000781e00000|  0%| F|  |TAMS 0x0000000781d00000, 0x0000000781d00000| Untracked 
|  30|0x0000000781e00000, 0x0000000781e00000, 0x0000000781f00000|  0%| F|  |TAMS 0x0000000781e00000, 0x0000000781e00000| Untracked 
|  31|0x0000000781f00000, 0x0000000781f00000, 0x0000000782000000|  0%| F|  |TAMS 0x0000000781f00000, 0x0000000781f00000| Untracked 
|  32|0x0000000782000000, 0x0000000782000000, 0x0000000782100000|  0%| F|  |TAMS 0x0000000782000000, 0x0000000782000000| Untracked 
|  33|0x0000000782100000, 0x0000000782100000, 0x0000000782200000|  0%| F|  |TAMS 0x0000000782100000, 0x0000000782100000| Untracked 
|  34|0x0000000782200000, 0x0000000782200000, 0x0000000782300000|  0%| F|  |TAMS 0x0000000782200000, 0x0000000782200000| Untracked 
|  35|0x0000000782300000, 0x0000000782300000, 0x0000000782400000|  0%| F|  |TAMS 0x0000000782300000, 0x0000000782300000| Untracked 
|  36|0x0000000782400000, 0x0000000782400000, 0x0000000782500000|  0%| F|  |TAMS 0x0000000782400000, 0x0000000782400000| Untracked 
|  37|0x0000000782500000, 0x0000000782500000, 0x0000000782600000|  0%| F|  |TAMS 0x0000000782500000, 0x0000000782500000| Untracked 
|  38|0x0000000782600000, 0x0000000782600000, 0x0000000782700000|  0%| F|  |TAMS 0x0000000782600000, 0x0000000782600000| Untracked 
|  39|0x0000000782700000, 0x0000000782700000, 0x0000000782800000|  0%| F|  |TAMS 0x0000000782700000, 0x0000000782700000| Untracked 
|  40|0x0000000782800000, 0x0000000782800000, 0x0000000782900000|  0%| F|  |TAMS 0x0000000782800000, 0x0000000782800000| Untracked 
|  41|0x0000000782900000, 0x0000000782900000, 0x0000000782a00000|  0%| F|  |TAMS 0x0000000782900000, 0x0000000782900000| Untracked 
|  42|0x0000000782a00000, 0x0000000782a00000, 0x0000000782b00000|  0%| F|  |TAMS 0x0000000782a00000, 0x0000000782a00000| Untracked 
|  43|0x0000000782b00000, 0x0000000782b00000, 0x0000000782c00000|  0%| F|  |TAMS 0x0000000782b00000, 0x0000000782b00000| Untracked 
|  44|0x0000000782c00000, 0x0000000782c00000, 0x0000000782d00000|  0%| F|  |TAMS 0x0000000782c00000, 0x0000000782c00000| Untracked 
|  45|0x0000000782d00000, 0x0000000782d00000, 0x0000000782e00000|  0%| F|  |TAMS 0x0000000782d00000, 0x0000000782d00000| Untracked 
|  46|0x0000000782e00000, 0x0000000782e00000, 0x0000000782f00000|  0%| F|  |TAMS 0x0000000782e00000, 0x0000000782e00000| Untracked 
|  47|0x0000000782f00000, 0x0000000782ff8728, 0x0000000783000000| 97%| S|CS|TAMS 0x0000000782f00000, 0x0000000782f00000| Complete 
|  48|0x0000000783000000, 0x0000000783100000, 0x0000000783100000|100%| S|CS|TAMS 0x0000000783000000, 0x0000000783000000| Complete 
|  49|0x0000000783100000, 0x0000000783200000, 0x0000000783200000|100%| S|CS|TAMS 0x0000000783100000, 0x0000000783100000| Complete 
|  50|0x0000000783200000, 0x0000000783300000, 0x0000000783300000|100%| S|CS|TAMS 0x0000000783200000, 0x0000000783200000| Complete 
|  51|0x0000000783300000, 0x0000000783400000, 0x0000000783400000|100%| S|CS|TAMS 0x0000000783300000, 0x0000000783300000| Complete 
|  52|0x0000000783400000, 0x0000000783400000, 0x0000000783500000|  0%| F|  |TAMS 0x0000000783400000, 0x0000000783400000| Untracked 
|  53|0x0000000783500000, 0x0000000783500000, 0x0000000783600000|  0%| F|  |TAMS 0x0000000783500000, 0x0000000783500000| Untracked 
|  54|0x0000000783600000, 0x0000000783600000, 0x0000000783700000|  0%| F|  |TAMS 0x0000000783600000, 0x0000000783600000| Untracked 
|  55|0x0000000783700000, 0x0000000783700000, 0x0000000783800000|  0%| F|  |TAMS 0x0000000783700000, 0x0000000783700000| Untracked 
|  56|0x0000000783800000, 0x0000000783800000, 0x0000000783900000|  0%| F|  |TAMS 0x0000000783800000, 0x0000000783800000| Untracked 
|  57|0x0000000783900000, 0x0000000783900000, 0x0000000783a00000|  0%| F|  |TAMS 0x0000000783900000, 0x0000000783900000| Untracked 
|  58|0x0000000783a00000, 0x0000000783a00000, 0x0000000783b00000|  0%| F|  |TAMS 0x0000000783a00000, 0x0000000783a00000| Untracked 
|  59|0x0000000783b00000, 0x0000000783b00000, 0x0000000783c00000|  0%| F|  |TAMS 0x0000000783b00000, 0x0000000783b00000| Untracked 
|  60|0x0000000783c00000, 0x0000000783c00000, 0x0000000783d00000|  0%| F|  |TAMS 0x0000000783c00000, 0x0000000783c00000| Untracked 
|  61|0x0000000783d00000, 0x0000000783d00000, 0x0000000783e00000|  0%| F|  |TAMS 0x0000000783d00000, 0x0000000783d00000| Untracked 
|  62|0x0000000783e00000, 0x0000000783e00000, 0x0000000783f00000|  0%| F|  |TAMS 0x0000000783e00000, 0x0000000783e00000| Untracked 
|  63|0x0000000783f00000, 0x0000000783f00000, 0x0000000784000000|  0%| F|  |TAMS 0x0000000783f00000, 0x0000000783f00000| Untracked 
|  64|0x0000000784000000, 0x0000000784000000, 0x0000000784100000|  0%| F|  |TAMS 0x0000000784000000, 0x0000000784000000| Untracked 
|  65|0x0000000784100000, 0x0000000784100000, 0x0000000784200000|  0%| F|  |TAMS 0x0000000784100000, 0x0000000784100000| Untracked 
|  66|0x0000000784200000, 0x0000000784200000, 0x0000000784300000|  0%| F|  |TAMS 0x0000000784200000, 0x0000000784200000| Untracked 
|  67|0x0000000784300000, 0x0000000784300000, 0x0000000784400000|  0%| F|  |TAMS 0x0000000784300000, 0x0000000784300000| Untracked 
|  68|0x0000000784400000, 0x0000000784400000, 0x0000000784500000|  0%| F|  |TAMS 0x0000000784400000, 0x0000000784400000| Untracked 
|  69|0x0000000784500000, 0x0000000784500000, 0x0000000784600000|  0%| F|  |TAMS 0x0000000784500000, 0x0000000784500000| Untracked 
|  70|0x0000000784600000, 0x0000000784600000, 0x0000000784700000|  0%| F|  |TAMS 0x0000000784600000, 0x0000000784600000| Untracked 
|  71|0x0000000784700000, 0x0000000784700000, 0x0000000784800000|  0%| F|  |TAMS 0x0000000784700000, 0x0000000784700000| Untracked 
|  72|0x0000000784800000, 0x0000000784800000, 0x0000000784900000|  0%| F|  |TAMS 0x0000000784800000, 0x0000000784800000| Untracked 
|  73|0x0000000784900000, 0x0000000784900000, 0x0000000784a00000|  0%| F|  |TAMS 0x0000000784900000, 0x0000000784900000| Untracked 
|  74|0x0000000784a00000, 0x0000000784a00000, 0x0000000784b00000|  0%| F|  |TAMS 0x0000000784a00000, 0x0000000784a00000| Untracked 
|  75|0x0000000784b00000, 0x0000000784b00000, 0x0000000784c00000|  0%| F|  |TAMS 0x0000000784b00000, 0x0000000784b00000| Untracked 
|  76|0x0000000784c00000, 0x0000000784c00000, 0x0000000784d00000|  0%| F|  |TAMS 0x0000000784c00000, 0x0000000784c00000| Untracked 
|  77|0x0000000784d00000, 0x0000000784d00000, 0x0000000784e00000|  0%| F|  |TAMS 0x0000000784d00000, 0x0000000784d00000| Untracked 
|  78|0x0000000784e00000, 0x0000000784e00000, 0x0000000784f00000|  0%| F|  |TAMS 0x0000000784e00000, 0x0000000784e00000| Untracked 
|  79|0x0000000784f00000, 0x0000000784f00000, 0x0000000785000000|  0%| F|  |TAMS 0x0000000784f00000, 0x0000000784f00000| Untracked 
|  80|0x0000000785000000, 0x0000000785000000, 0x0000000785100000|  0%| F|  |TAMS 0x0000000785000000, 0x0000000785000000| Untracked 
|  81|0x0000000785100000, 0x0000000785100000, 0x0000000785200000|  0%| F|  |TAMS 0x0000000785100000, 0x0000000785100000| Untracked 
|  82|0x0000000785200000, 0x0000000785200000, 0x0000000785300000|  0%| F|  |TAMS 0x0000000785200000, 0x0000000785200000| Untracked 
|  83|0x0000000785300000, 0x0000000785300000, 0x0000000785400000|  0%| F|  |TAMS 0x0000000785300000, 0x0000000785300000| Untracked 
|  84|0x0000000785400000, 0x0000000785400000, 0x0000000785500000|  0%| F|  |TAMS 0x0000000785400000, 0x0000000785400000| Untracked 
|  85|0x0000000785500000, 0x0000000785500000, 0x0000000785600000|  0%| F|  |TAMS 0x0000000785500000, 0x0000000785500000| Untracked 
|  86|0x0000000785600000, 0x0000000785600000, 0x0000000785700000|  0%| F|  |TAMS 0x0000000785600000, 0x0000000785600000| Untracked 
|  87|0x0000000785700000, 0x0000000785700000, 0x0000000785800000|  0%| F|  |TAMS 0x0000000785700000, 0x0000000785700000| Untracked 
|  88|0x0000000785800000, 0x0000000785800000, 0x0000000785900000|  0%| F|  |TAMS 0x0000000785800000, 0x0000000785800000| Untracked 
|  89|0x0000000785900000, 0x0000000785900000, 0x0000000785a00000|  0%| F|  |TAMS 0x0000000785900000, 0x0000000785900000| Untracked 
|  90|0x0000000785a00000, 0x0000000785a00000, 0x0000000785b00000|  0%| F|  |TAMS 0x0000000785a00000, 0x0000000785a00000| Untracked 
|  91|0x0000000785b00000, 0x0000000785b00000, 0x0000000785c00000|  0%| F|  |TAMS 0x0000000785b00000, 0x0000000785b00000| Untracked 
|  92|0x0000000785c00000, 0x0000000785c00000, 0x0000000785d00000|  0%| F|  |TAMS 0x0000000785c00000, 0x0000000785c00000| Untracked 
|  93|0x0000000785d00000, 0x0000000785d00000, 0x0000000785e00000|  0%| F|  |TAMS 0x0000000785d00000, 0x0000000785d00000| Untracked 
|  94|0x0000000785e00000, 0x0000000785e00000, 0x0000000785f00000|  0%| F|  |TAMS 0x0000000785e00000, 0x0000000785e00000| Untracked 
|  95|0x0000000785f00000, 0x0000000785f00000, 0x0000000786000000|  0%| F|  |TAMS 0x0000000785f00000, 0x0000000785f00000| Untracked 
|  96|0x0000000786000000, 0x0000000786000000, 0x0000000786100000|  0%| F|  |TAMS 0x0000000786000000, 0x0000000786000000| Untracked 
|  97|0x0000000786100000, 0x0000000786100000, 0x0000000786200000|  0%| F|  |TAMS 0x0000000786100000, 0x0000000786100000| Untracked 
|  98|0x0000000786200000, 0x0000000786200000, 0x0000000786300000|  0%| F|  |TAMS 0x0000000786200000, 0x0000000786200000| Untracked 
|  99|0x0000000786300000, 0x0000000786300000, 0x0000000786400000|  0%| F|  |TAMS 0x0000000786300000, 0x0000000786300000| Untracked 
| 100|0x0000000786400000, 0x0000000786400000, 0x0000000786500000|  0%| F|  |TAMS 0x0000000786400000, 0x0000000786400000| Untracked 
| 101|0x0000000786500000, 0x0000000786500000, 0x0000000786600000|  0%| F|  |TAMS 0x0000000786500000, 0x0000000786500000| Untracked 
| 102|0x0000000786600000, 0x0000000786600000, 0x0000000786700000|  0%| F|  |TAMS 0x0000000786600000, 0x0000000786600000| Untracked 
| 103|0x0000000786700000, 0x0000000786700000, 0x0000000786800000|  0%| F|  |TAMS 0x0000000786700000, 0x0000000786700000| Untracked 
| 104|0x0000000786800000, 0x0000000786800000, 0x0000000786900000|  0%| F|  |TAMS 0x0000000786800000, 0x0000000786800000| Untracked 
| 105|0x0000000786900000, 0x0000000786900000, 0x0000000786a00000|  0%| F|  |TAMS 0x0000000786900000, 0x0000000786900000| Untracked 
| 106|0x0000000786a00000, 0x0000000786a00000, 0x0000000786b00000|  0%| F|  |TAMS 0x0000000786a00000, 0x0000000786a00000| Untracked 
| 107|0x0000000786b00000, 0x0000000786b00000, 0x0000000786c00000|  0%| F|  |TAMS 0x0000000786b00000, 0x0000000786b00000| Untracked 
| 108|0x0000000786c00000, 0x0000000786c00000, 0x0000000786d00000|  0%| F|  |TAMS 0x0000000786c00000, 0x0000000786c00000| Untracked 
| 109|0x0000000786d00000, 0x0000000786d00000, 0x0000000786e00000|  0%| F|  |TAMS 0x0000000786d00000, 0x0000000786d00000| Untracked 
| 110|0x0000000786e00000, 0x0000000786e00000, 0x0000000786f00000|  0%| F|  |TAMS 0x0000000786e00000, 0x0000000786e00000| Untracked 
| 111|0x0000000786f00000, 0x0000000786f00000, 0x0000000787000000|  0%| F|  |TAMS 0x0000000786f00000, 0x0000000786f00000| Untracked 
| 112|0x0000000787000000, 0x0000000787000000, 0x0000000787100000|  0%| F|  |TAMS 0x0000000787000000, 0x0000000787000000| Untracked 
| 113|0x0000000787100000, 0x0000000787100000, 0x0000000787200000|  0%| F|  |TAMS 0x0000000787100000, 0x0000000787100000| Untracked 
| 114|0x0000000787200000, 0x0000000787200000, 0x0000000787300000|  0%| F|  |TAMS 0x0000000787200000, 0x0000000787200000| Untracked 
| 115|0x0000000787300000, 0x0000000787300000, 0x0000000787400000|  0%| F|  |TAMS 0x0000000787300000, 0x0000000787300000| Untracked 
| 116|0x0000000787400000, 0x0000000787400000, 0x0000000787500000|  0%| F|  |TAMS 0x0000000787400000, 0x0000000787400000| Untracked 
| 117|0x0000000787500000, 0x0000000787500000, 0x0000000787600000|  0%| F|  |TAMS 0x0000000787500000, 0x0000000787500000| Untracked 
| 118|0x0000000787600000, 0x0000000787600000, 0x0000000787700000|  0%| F|  |TAMS 0x0000000787600000, 0x0000000787600000| Untracked 
| 119|0x0000000787700000, 0x0000000787700000, 0x0000000787800000|  0%| F|  |TAMS 0x0000000787700000, 0x0000000787700000| Untracked 
| 120|0x0000000787800000, 0x0000000787800000, 0x0000000787900000|  0%| F|  |TAMS 0x0000000787800000, 0x0000000787800000| Untracked 
| 121|0x0000000787900000, 0x0000000787900000, 0x0000000787a00000|  0%| F|  |TAMS 0x0000000787900000, 0x0000000787900000| Untracked 
| 122|0x0000000787a00000, 0x0000000787a00000, 0x0000000787b00000|  0%| F|  |TAMS 0x0000000787a00000, 0x0000000787a00000| Untracked 
| 123|0x0000000787b00000, 0x0000000787b00000, 0x0000000787c00000|  0%| F|  |TAMS 0x0000000787b00000, 0x0000000787b00000| Untracked 
| 124|0x0000000787c00000, 0x0000000787c00000, 0x0000000787d00000|  0%| F|  |TAMS 0x0000000787c00000, 0x0000000787c00000| Untracked 
| 125|0x0000000787d00000, 0x0000000787d00000, 0x0000000787e00000|  0%| F|  |TAMS 0x0000000787d00000, 0x0000000787d00000| Untracked 
| 126|0x0000000787e00000, 0x0000000787f00000, 0x0000000787f00000|100%| E|  |TAMS 0x0000000787e00000, 0x0000000787e00000| Complete 
| 127|0x0000000787f00000, 0x0000000788000000, 0x0000000788000000|100%| E|CS|TAMS 0x0000000787f00000, 0x0000000787f00000| Complete 

Card table byte_map: [0x000000011d4c3000,0x000000011d8c3000] _byte_map_base: 0x00000001198c3000

Marking Bits (Prev, Next): (CMBitMap*) 0x00007fb06b025c18, (CMBitMap*) 0x00007fb06b025c50
 Prev Bits: [0x000000011dcc3000, 0x000000011fcc3000)
 Next Bits: [0x000000011fcc3000, 0x0000000121cc3000)

Polling page: 0x0000000103e4f000

Metaspace:

Usage:
  Non-class:     16.85 MB capacity,    16.54 MB ( 98%) used,   255.85 KB (  1%) free+waste,    60.88 KB ( <1%) overhead. 
      Class:      2.36 MB capacity,     2.12 MB ( 90%) used,   212.13 KB (  9%) free+waste,    31.25 KB (  1%) overhead. 
       Both:     19.20 MB capacity,    18.66 MB ( 97%) used,   467.98 KB (  2%) free+waste,    92.12 KB ( <1%) overhead. 

Virtual space:
  Non-class space:       18.00 MB reserved,      17.00 MB ( 94%) committed 
      Class space:        1.00 GB reserved,       2.38 MB ( <1%) committed 
             Both:        1.02 GB reserved,      19.38 MB (  2%) committed 

Chunk freelists:
   Non-Class:  6.00 KB
       Class:  2.50 KB
        Both:  8.50 KB

CodeHeap 'non-profiled nmethods': size=120032Kb used=453Kb max_used=453Kb free=119578Kb
 bounds [0x0000000115b8b000, 0x0000000115dfb000, 0x000000011d0c3000]
CodeHeap 'profiled nmethods': size=120032Kb used=2478Kb max_used=2478Kb free=117553Kb
 bounds [0x000000010e653000, 0x000000010e8c3000, 0x0000000115b8b000]
CodeHeap 'non-nmethods': size=5696Kb used=1263Kb max_used=1278Kb free=4432Kb
 bounds [0x000000010e0c3000, 0x000000010e333000, 0x000000010e653000]
 total_blobs=2298 nmethods=1376 adapters=580
 compilation: enabled
              stopped_count=0, restarted_count=0
 full_count=0

Compilation events (10 events):
Event: 4.889 Thread 0x00007fb06a866800 1373       1       java.lang.ref.Reference::clear (6 bytes)
Event: 4.889 Thread 0x00007fb06a866800 nmethod 1373 0x0000000115bfc290 code [0x0000000115bfc440, 0x0000000115bfc570]
Event: 4.889 Thread 0x00007fb06a866800 1374       3       java.lang.ref.ReferenceQueue::remove (6 bytes)
Event: 4.889 Thread 0x00007fb06a866800 nmethod 1374 0x000000010e8ba890 code [0x000000010e8baa40, 0x000000010e8bac68]
Event: 4.889 Thread 0x00007fb06a866800 1375   !   3       java.lang.ref.Finalizer::runFinalizer (117 bytes)
Event: 4.890 Thread 0x00007fb06a866800 nmethod 1375 0x000000010e8bad10 code [0x000000010e8baf40, 0x000000010e8bba48]
Event: 4.890 Thread 0x00007fb06a866800 1376  s    3       com.leapmotion.leap.Interface::delete (37 bytes)
Event: 4.890 Thread 0x00007fb06a866800 nmethod 1376 0x000000010e8bbd10 code [0x000000010e8bbee0, 0x000000010e8bc348]
Event: 4.891 Thread 0x00007fb06a866800 1377       3       java.security.AccessControlContext::optimize (318 bytes)
Event: 4.893 Thread 0x00007fb06a866800 nmethod 1377 0x000000010e8bc490 code [0x000000010e8bc840, 0x000000010e8be228]

GC Heap History (4 events):
Event: 0.621 GC heap before
{Heap before GC invocations=0 (full 0):
 garbage-first heap   total 131072K, used 13312K [0x0000000780000000, 0x0000000800000000)
  region size 1024K, 14 young (14336K), 0 survivors (0K)
 Metaspace       used 8889K, capacity 9167K, committed 9216K, reserved 1056768K
  class space    used 886K, capacity 999K, committed 1024K, reserved 1048576K
}
Event: 0.624 GC heap after
{Heap after GC invocations=1 (full 0):
 garbage-first heap   total 131072K, used 2048K [0x0000000780000000, 0x0000000800000000)
  region size 1024K, 2 young (2048K), 2 survivors (2048K)
 Metaspace       used 8889K, capacity 9167K, committed 9216K, reserved 1056768K
  class space    used 886K, capacity 999K, committed 1024K, reserved 1048576K
}
Event: 4.856 GC heap before
{Heap before GC invocations=1 (full 0):
 garbage-first heap   total 131072K, used 76800K [0x0000000780000000, 0x0000000800000000)
  region size 1024K, 76 young (77824K), 2 survivors (2048K)
 Metaspace       used 19095K, capacity 19664K, committed 19840K, reserved 1067008K
  class space    used 2168K, capacity 2412K, committed 2432K, reserved 1048576K
}
Event: 4.884 GC heap after
{Heap after GC invocations=2 (full 0):
 garbage-first heap   total 131072K, used 5089K [0x0000000780000000, 0x0000000800000000)
  region size 1024K, 5 young (5120K), 5 survivors (5120K)
 Metaspace       used 19095K, capacity 19664K, committed 19840K, reserved 1067008K
  class space    used 2168K, capacity 2412K, committed 2432K, reserved 1048576K
}

Deoptimization events (10 events):
Event: 1.755 Thread 0x00007fb069822000 Uncommon trap: reason=class_check action=maybe_recompile pc=0x0000000115ba5968 method=java.util.HashMap.putVal(ILjava/lang/Object;Ljava/lang/Object;ZZ)Ljava/lang/Object; @ 91 c2
Event: 1.755 Thread 0x00007fb069822000 Uncommon trap: reason=class_check action=maybe_recompile pc=0x0000000115ba5968 method=java.util.HashMap.putVal(ILjava/lang/Object;Ljava/lang/Object;ZZ)Ljava/lang/Object; @ 91 c2
Event: 1.755 Thread 0x00007fb069822000 Uncommon trap: reason=class_check action=maybe_recompile pc=0x0000000115ba5968 method=java.util.HashMap.putVal(ILjava/lang/Object;Ljava/lang/Object;ZZ)Ljava/lang/Object; @ 91 c2
Event: 1.755 Thread 0x00007fb069822000 Uncommon trap: reason=class_check action=maybe_recompile pc=0x0000000115ba5968 method=java.util.HashMap.putVal(ILjava/lang/Object;Ljava/lang/Object;ZZ)Ljava/lang/Object; @ 91 c2
Event: 1.886 Thread 0x00007fb069822000 Uncommon trap: reason=bimorphic_or_optimized_type_check action=maybe_recompile pc=0x0000000115bdf09c method=java.util.HashMap.putVal(ILjava/lang/Object;Ljava/lang/Object;ZZ)Ljava/lang/Object; @ 56 c2
Event: 1.887 Thread 0x00007fb069822000 Uncommon trap: reason=bimorphic_or_optimized_type_check action=maybe_recompile pc=0x0000000115bdf09c method=java.util.HashMap.putVal(ILjava/lang/Object;Ljava/lang/Object;ZZ)Ljava/lang/Object; @ 56 c2
Event: 1.975 Thread 0x00007fb069822000 Uncommon trap: reason=unstable_if action=reinterpret pc=0x0000000115bb13d4 method=java.lang.StringLatin1.canEncode(I)Z @ 4 c2
Event: 2.041 Thread 0x00007fb069822000 Uncommon trap: reason=class_check action=maybe_recompile pc=0x0000000115ba8164 method=java.lang.String.equals(Ljava/lang/Object;)Z @ 8 c2
Event: 2.041 Thread 0x00007fb069822000 Uncommon trap: reason=class_check action=maybe_recompile pc=0x0000000115ba8164 method=java.lang.String.equals(Ljava/lang/Object;)Z @ 8 c2
Event: 2.041 Thread 0x00007fb069822000 Uncommon trap: reason=class_check action=maybe_recompile pc=0x0000000115ba8164 method=java.lang.String.equals(Ljava/lang/Object;)Z @ 8 c2

Classes redefined (0 events):
No events

Internal exceptions (10 events):
Event: 4.836 Thread 0x00007fb069822000 Exception <a 'java/lang/NullPointerException'{0x00000007840d32d0}> (0x00000007840d32d0) thrown at [/scratch/mesos/slaves/d65fa3d4-10de-46aa-a2db-52cc9981537a-S382/frameworks/1735e8a2-a1db-478c-8104-60c8b0af87dd-0196/executors/e9a9c702-ca07-4cb0-bf68-f4da1
Event: 4.836 Thread 0x00007fb069822000 Exception <a 'java/lang/NullPointerException'{0x00000007840d32d0}> (0x00000007840d32d0) thrown at [/scratch/mesos/slaves/d65fa3d4-10de-46aa-a2db-52cc9981537a-S382/frameworks/1735e8a2-a1db-478c-8104-60c8b0af87dd-0196/executors/e9a9c702-ca07-4cb0-bf68-f4da1
Event: 4.844 Thread 0x00007fb069822000 Exception <a 'java/lang/NullPointerException'{0x00000007840d5088}> (0x00000007840d5088) thrown at [/scratch/mesos/slaves/d65fa3d4-10de-46aa-a2db-52cc9981537a-S382/frameworks/1735e8a2-a1db-478c-8104-60c8b0af87dd-0196/executors/e9a9c702-ca07-4cb0-bf68-f4da1
Event: 4.844 Thread 0x00007fb069822000 Exception <a 'java/lang/NullPointerException'{0x00000007840d5088}> (0x00000007840d5088) thrown at [/scratch/mesos/slaves/d65fa3d4-10de-46aa-a2db-52cc9981537a-S382/frameworks/1735e8a2-a1db-478c-8104-60c8b0af87dd-0196/executors/e9a9c702-ca07-4cb0-bf68-f4da1
Event: 4.846 Thread 0x00007fb069822000 Exception <a 'java/lang/NullPointerException'{0x00000007840d6e40}> (0x00000007840d6e40) thrown at [/scratch/mesos/slaves/d65fa3d4-10de-46aa-a2db-52cc9981537a-S382/frameworks/1735e8a2-a1db-478c-8104-60c8b0af87dd-0196/executors/e9a9c702-ca07-4cb0-bf68-f4da1
Event: 4.846 Thread 0x00007fb069822000 Exception <a 'java/lang/NullPointerException'{0x00000007840d6e40}> (0x00000007840d6e40) thrown at [/scratch/mesos/slaves/d65fa3d4-10de-46aa-a2db-52cc9981537a-S382/frameworks/1735e8a2-a1db-478c-8104-60c8b0af87dd-0196/executors/e9a9c702-ca07-4cb0-bf68-f4da1
Event: 4.847 Thread 0x00007fb069822000 Exception <a 'java/lang/NullPointerException'{0x00000007840d8bf8}> (0x00000007840d8bf8) thrown at [/scratch/mesos/slaves/d65fa3d4-10de-46aa-a2db-52cc9981537a-S382/frameworks/1735e8a2-a1db-478c-8104-60c8b0af87dd-0196/executors/e9a9c702-ca07-4cb0-bf68-f4da1
Event: 4.847 Thread 0x00007fb069822000 Exception <a 'java/lang/NullPointerException'{0x00000007840d8bf8}> (0x00000007840d8bf8) thrown at [/scratch/mesos/slaves/d65fa3d4-10de-46aa-a2db-52cc9981537a-S382/frameworks/1735e8a2-a1db-478c-8104-60c8b0af87dd-0196/executors/e9a9c702-ca07-4cb0-bf68-f4da1
Event: 4.885 Thread 0x00007fb069822000 Exception <a 'java/lang/NullPointerException'{0x0000000787e00010}> (0x0000000787e00010) thrown at [/scratch/mesos/slaves/d65fa3d4-10de-46aa-a2db-52cc9981537a-S382/frameworks/1735e8a2-a1db-478c-8104-60c8b0af87dd-0196/executors/e9a9c702-ca07-4cb0-bf68-f4da1
Event: 4.885 Thread 0x00007fb069822000 Exception <a 'java/lang/NullPointerException'{0x0000000787e00010}> (0x0000000787e00010) thrown at [/scratch/mesos/slaves/d65fa3d4-10de-46aa-a2db-52cc9981537a-S382/frameworks/1735e8a2-a1db-478c-8104-60c8b0af87dd-0196/executors/e9a9c702-ca07-4cb0-bf68-f4da1

Events (10 events):
Event: 4.847 Thread 0x00007fb06ab06000 Thread added: 0x00007fb06ab06000
Event: 4.847 Thread 0x00007fb06ab06000 Thread exited: 0x00007fb06ab06000
Event: 4.856 Thread 0x00007fb06b492800 Thread added: 0x00007fb06b492800
Event: 4.856 Executing VM operation: G1CollectForAllocation
Event: 4.884 Executing VM operation: G1CollectForAllocation done
Event: 4.884 Thread 0x00007fb06b492800 Thread exited: 0x00007fb06b492800
Event: 4.885 Thread 0x00007fb06a22f000 Thread added: 0x00007fb06a22f000
Event: 4.885 Thread 0x00007fb06a22f000 Thread exited: 0x00007fb06a22f000
Event: 4.891 Thread 0x00007fb0699ad800 Thread added: 0x00007fb0699ad800
Event: 4.891 Thread 0x00007fb0699ad800 Thread exited: 0x00007fb0699ad800


Dynamic libraries:
0x00007fff3279e000 	/System/Library/Frameworks/Cocoa.framework/Versions/A/Cocoa
0x00007fff3ff7b000 	/System/Library/Frameworks/Security.framework/Versions/A/Security
0x00007fff31708000 	/System/Library/Frameworks/ApplicationServices.framework/Versions/A/ApplicationServices
0x00007fff6cb25000 	/usr/lib/libz.1.dylib
0x00007fff6a5e9000 	/usr/lib/libSystem.B.dylib
0x00007fff33639000 	/System/Library/Frameworks/CoreFoundation.framework/Versions/A/CoreFoundation
0x00007fff35cef000 	/System/Library/Frameworks/Foundation.framework/Versions/C/Foundation
0x00007fff6c449000 	/usr/lib/libobjc.A.dylib
0x00007fff308f9000 	/System/Library/Frameworks/AppKit.framework/Versions/C/AppKit
0x00007fff33122000 	/System/Library/Frameworks/CoreData.framework/Versions/A/CoreData
0x00007fff6460a000 	/System/Library/PrivateFrameworks/UIFoundation.framework/Versions/A/UIFoundation
0x00007fff5f6b8000 	/System/Library/PrivateFrameworks/RemoteViewServices.framework/Versions/A/RemoteViewServices
0x00007fff6715e000 	/System/Library/PrivateFrameworks/XCTTargetBootstrap.framework/Versions/A/XCTTargetBootstrap
0x00007fff3350d000 	/System/Library/Frameworks/CoreDisplay.framework/Versions/A/CoreDisplay
0x00007fff38ba8000 	/System/Library/Frameworks/Metal.framework/Versions/A/Metal
0x00007fff4d711000 	/System/Library/PrivateFrameworks/DesktopServicesPriv.framework/Versions/A/DesktopServicesPriv
0x00007fff6b726000 	/usr/lib/liblangid.dylib
0x00007fff4c9aa000 	/System/Library/PrivateFrameworks/CoreSVG.framework/Versions/A/CoreSVG
0x00007fff6280e000 	/System/Library/PrivateFrameworks/SkyLight.framework/Versions/A/SkyLight
0x00007fff33aba000 	/System/Library/Frameworks/CoreGraphics.framework/Versions/A/CoreGraphics
0x00007fff2f2cd000 	/System/Library/Frameworks/Accelerate.framework/Versions/A/Accelerate
0x00007fff6ca16000 	/usr/lib/libxml2.2.dylib
0x00007fff5866a000 	/System/Library/PrivateFrameworks/IconServices.framework/Versions/A/IconServices
0x00007fff364ce000 	/System/Library/Frameworks/IOSurface.framework/Versions/A/IOSurface
0x00007fff6a113000 	/usr/lib/libDiagnosticMessagesClient.dylib
0x00007fff4d56b000 	/System/Library/PrivateFrameworks/DFRFoundation.framework/Versions/A/DFRFoundation
0x00007fff6b4b5000 	/usr/lib/libicucore.A.dylib
0x00007fff31a3a000 	/System/Library/Frameworks/AudioToolbox.framework/Versions/A/AudioToolbox
0x00007fff31b1d000 	/System/Library/Frameworks/AudioUnit.framework/Versions/A/AudioUnit
0x00007fff6a7eb000 	/usr/lib/libauto.dylib
0x00007fff4d60d000 	/System/Library/PrivateFrameworks/DataDetectorsCore.framework/Versions/A/DataDetectorsCore
0x00007fff322bf000 	/System/Library/Frameworks/Carbon.framework/Versions/A/Frameworks/HIToolbox.framework/Versions/A/HIToolbox
0x00007fff3f178000 	/System/Library/Frameworks/QuartzCore.framework/Versions/A/QuartzCore
0x00007fff325fe000 	/System/Library/Frameworks/Carbon.framework/Versions/A/Frameworks/SpeechRecognition.framework/Versions/A/SpeechRecognition
0x00007fff4d082000 	/System/Library/PrivateFrameworks/CoreUI.framework/Versions/A/CoreUI
0x00007fff32b8d000 	/System/Library/Frameworks/CoreAudio.framework/Versions/A/CoreAudio
0x00007fff359b4000 	/System/Library/Frameworks/DiskArbitration.framework/Versions/A/DiskArbitration
0x00007fff5a6b7000 	/System/Library/PrivateFrameworks/MultitouchSupport.framework/Versions/A/MultitouchSupport
0x00007fff6b37c000 	/usr/lib/libenergytrace.dylib
0x00007fff36428000 	/System/Library/Frameworks/IOKit.framework/Versions/A/IOKit
0x00007fff34a21000 	/System/Library/Frameworks/CoreServices.framework/Versions/A/CoreServices
0x00007fff5c84e000 	/System/Library/PrivateFrameworks/PerformanceAnalysis.framework/Versions/A/PerformanceAnalysis
0x00007fff3e1ab000 	/System/Library/Frameworks/OpenGL.framework/Versions/A/OpenGL
0x00007fff327ac000 	/System/Library/Frameworks/ColorSync.framework/Versions/A/ColorSync
0x00007fff3413c000 	/System/Library/Frameworks/CoreImage.framework/Versions/A/CoreImage
0x00007fff35493000 	/System/Library/Frameworks/CoreText.framework/Versions/A/CoreText
0x00007fff3655e000 	/System/Library/Frameworks/ImageIO.framework/Versions/A/ImageIO
0x00007fff6a8cf000 	/usr/lib/libc++.1.dylib
0x00007fff6a94b000 	/usr/lib/libcompression.dylib
0x00007fff6a457000 	/usr/lib/libMobileGestalt.dylib
0x00007fff64383000 	/System/Library/PrivateFrameworks/TextureIO.framework/Versions/A/TextureIO
0x00007fff6a74e000 	/usr/lib/libate.dylib
0x00007fff58873000 	/System/Library/PrivateFrameworks/InternationalSupport.framework/Versions/A/InternationalSupport
0x00007fff6d3e5000 	/usr/lib/system/libcache.dylib
0x00007fff6d3eb000 	/usr/lib/system/libcommonCrypto.dylib
0x00007fff6d3f7000 	/usr/lib/system/libcompiler_rt.dylib
0x00007fff6d3ff000 	/usr/lib/system/libcopyfile.dylib
0x00007fff6d409000 	/usr/lib/system/libcorecrypto.dylib
0x00007fff6d5a8000 	/usr/lib/system/libdispatch.dylib
0x00007fff6d5e9000 	/usr/lib/system/libdyld.dylib
0x00007fff6d620000 	/usr/lib/system/libkeymgr.dylib
0x00007fff6d62e000 	/usr/lib/system/liblaunch.dylib
0x00007fff6d62f000 	/usr/lib/system/libmacho.dylib
0x00007fff6d635000 	/usr/lib/system/libquarantine.dylib
0x00007fff6d638000 	/usr/lib/system/libremovefile.dylib
0x00007fff6d63a000 	/usr/lib/system/libsystem_asl.dylib
0x00007fff6d652000 	/usr/lib/system/libsystem_blocks.dylib
0x00007fff6d653000 	/usr/lib/system/libsystem_c.dylib
0x00007fff6d6db000 	/usr/lib/system/libsystem_configuration.dylib
0x00007fff6d6df000 	/usr/lib/system/libsystem_coreservices.dylib
0x00007fff6d6e3000 	/usr/lib/system/libsystem_darwin.dylib
0x00007fff6d6ec000 	/usr/lib/system/libsystem_dnssd.dylib
0x00007fff6d6f4000 	/usr/lib/system/libsystem_featureflags.dylib
0x00007fff6d6f6000 	/usr/lib/system/libsystem_info.dylib
0x00007fff6d771000 	/usr/lib/system/libsystem_m.dylib
0x00007fff6d7b9000 	/usr/lib/system/libsystem_malloc.dylib
0x00007fff6d7e1000 	/usr/lib/system/libsystem_networkextension.dylib
0x00007fff6d7ef000 	/usr/lib/system/libsystem_notify.dylib
0x00007fff6d80d000 	/usr/lib/system/libsystem_sandbox.dylib
0x00007fff6d812000 	/usr/lib/system/libsystem_secinit.dylib
0x00007fff6d744000 	/usr/lib/system/libsystem_kernel.dylib
0x00007fff6d7f9000 	/usr/lib/system/libsystem_platform.dylib
0x00007fff6d802000 	/usr/lib/system/libsystem_pthread.dylib
0x00007fff6d815000 	/usr/lib/system/libsystem_symptoms.dylib
0x00007fff6d81d000 	/usr/lib/system/libsystem_trace.dylib
0x00007fff6d835000 	/usr/lib/system/libunwind.dylib
0x00007fff6d83b000 	/usr/lib/system/libxpc.dylib
0x00007fff6a922000 	/usr/lib/libc++abi.dylib
0x00007fff6b728000 	/usr/lib/liblzma.5.dylib
0x00007fff6b3a3000 	/usr/lib/libfakelink.dylib
0x00007fff6a6db000 	/usr/lib/libarchive.2.dylib
0x00007fff4102b000 	/System/Library/Frameworks/SystemConfiguration.framework/Versions/A/SystemConfiguration
0x00007fff6a046000 	/usr/lib/libCRFSuite.dylib
0x00007fff31eb0000 	/System/Library/Frameworks/CFNetwork.framework/Versions/A/CFNetwork
0x00007fff6a8b1000 	/usr/lib/libbsm.0.dylib
0x00007fff6d621000 	/usr/lib/system/libkxld.dylib
0x00007fff46f40000 	/System/Library/PrivateFrameworks/AppleFSCompression.framework/Versions/A/AppleFSCompression
0x00007fff6ac3c000 	/usr/lib/libcoretls.dylib
0x00007fff6ac53000 	/usr/lib/libcoretls_cfhelpers.dylib
0x00007fff6c48f000 	/usr/lib/libpam.2.dylib
0x00007fff6c5c4000 	/usr/lib/libsqlite3.dylib
0x00007fff6ca03000 	/usr/lib/libxar.1.dylib
0x00007fff6a8c2000 	/usr/lib/libbz2.1.0.dylib
0x00007fff6b3c4000 	/usr/lib/libiconv.2.dylib
0x00007fff6a938000 	/usr/lib/libcharset.1.dylib
0x00007fff6bf2e000 	/usr/lib/libnetwork.dylib
0x00007fff6c496000 	/usr/lib/libpcap.A.dylib
0x00007fff6a690000 	/usr/lib/libapple_nghttp2.dylib
0x00007fff34dd8000 	/System/Library/Frameworks/CoreServices.framework/Versions/A/Frameworks/FSEvents.framework/Versions/A/FSEvents
0x00007fff34aa8000 	/System/Library/Frameworks/CoreServices.framework/Versions/A/Frameworks/CarbonCore.framework/Versions/A/CarbonCore
0x00007fff3501b000 	/System/Library/Frameworks/CoreServices.framework/Versions/A/Frameworks/Metadata.framework/Versions/A/Metadata
0x00007fff350b4000 	/System/Library/Frameworks/CoreServices.framework/Versions/A/Frameworks/OSServices.framework/Versions/A/OSServices
0x00007fff350e2000 	/System/Library/Frameworks/CoreServices.framework/Versions/A/Frameworks/SearchKit.framework/Versions/A/SearchKit
0x00007fff34a22000 	/System/Library/Frameworks/CoreServices.framework/Versions/A/Frameworks/AE.framework/Versions/A/AE
0x00007fff34de1000 	/System/Library/Frameworks/CoreServices.framework/Versions/A/Frameworks/LaunchServices.framework/Versions/A/LaunchServices
0x00007fff34d8a000 	/System/Library/Frameworks/CoreServices.framework/Versions/A/Frameworks/DictionaryServices.framework/Versions/A/DictionaryServices
0x00007fff3514a000 	/System/Library/Frameworks/CoreServices.framework/Versions/A/Frameworks/SharedFileList.framework/Versions/A/SharedFileList
0x00007fff39fcb000 	/System/Library/Frameworks/NetFS.framework/Versions/A/NetFS
0x00007fff5abe6000 	/System/Library/PrivateFrameworks/NetAuth.framework/Versions/A/NetAuth
0x00007fff6752b000 	/System/Library/PrivateFrameworks/login.framework/Versions/A/Frameworks/loginsupport.framework/Versions/A/loginsupport
0x00007fff63e50000 	/System/Library/PrivateFrameworks/TCC.framework/Versions/A/TCC
0x00007fff4bb1d000 	/System/Library/PrivateFrameworks/CoreNLP.framework/Versions/A/CoreNLP
0x00007fff5a0e5000 	/System/Library/PrivateFrameworks/MetadataUtilities.framework/Versions/A/MetadataUtilities
0x00007fff6b800000 	/usr/lib/libmecabra.dylib
0x00007fff6b758000 	/usr/lib/libmecab.dylib
0x00007fff6b3b4000 	/usr/lib/libgermantok.dylib
0x00007fff6a677000 	/usr/lib/libThaiTokenizer.dylib
0x00007fff6a07d000 	/usr/lib/libChineseTokenizer.dylib
0x00007fff2f2e5000 	/System/Library/Frameworks/Accelerate.framework/Versions/A/Frameworks/vImage.framework/Versions/A/vImage
0x00007fff3074f000 	/System/Library/Frameworks/Accelerate.framework/Versions/A/Frameworks/vecLib.framework/Versions/A/vecLib
0x00007fff3068c000 	/System/Library/Frameworks/Accelerate.framework/Versions/A/Frameworks/vecLib.framework/Versions/A/libvMisc.dylib
0x00007fff304b4000 	/System/Library/Frameworks/Accelerate.framework/Versions/A/Frameworks/vecLib.framework/Versions/A/libvDSP.dylib
0x00007fff2f93c000 	/System/Library/Frameworks/Accelerate.framework/Versions/A/Frameworks/vecLib.framework/Versions/A/libBLAS.dylib
0x00007fff30078000 	/System/Library/Frameworks/Accelerate.framework/Versions/A/Frameworks/vecLib.framework/Versions/A/libLAPACK.dylib
0x00007fff30414000 	/System/Library/Frameworks/Accelerate.framework/Versions/A/Frameworks/vecLib.framework/Versions/A/libLinearAlgebra.dylib
0x00007fff304a1000 	/System/Library/Frameworks/Accelerate.framework/Versions/A/Frameworks/vecLib.framework/Versions/A/libSparseBLAS.dylib
0x00007fff3042a000 	/System/Library/Frameworks/Accelerate.framework/Versions/A/Frameworks/vecLib.framework/Versions/A/libQuadrature.dylib
0x00007fff2fba4000 	/System/Library/Frameworks/Accelerate.framework/Versions/A/Frameworks/vecLib.framework/Versions/A/libBNNS.dylib
0x00007fff30430000 	/System/Library/Frameworks/Accelerate.framework/Versions/A/Frameworks/vecLib.framework/Versions/A/libSparse.dylib
0x00007fff58c5b000 	/System/Library/PrivateFrameworks/LanguageModeling.framework/Versions/A/LanguageModeling
0x00007fff4b4cd000 	/System/Library/PrivateFrameworks/CoreEmoji.framework/Versions/A/CoreEmoji
0x00007fff58d79000 	/System/Library/PrivateFrameworks/LinguisticData.framework/Versions/A/LinguisticData
0x00007fff58d2a000 	/System/Library/PrivateFrameworks/Lexicon.framework/Versions/A/Lexicon
0x00007fff6a939000 	/usr/lib/libcmph.dylib
0x00007fff3cbb9000 	/System/Library/Frameworks/OpenDirectory.framework/Versions/A/Frameworks/CFOpenDirectory.framework/Versions/A/CFOpenDirectory
0x00007fff3cbd6000 	/System/Library/Frameworks/OpenDirectory.framework/Versions/A/OpenDirectory
0x00007fff44ff6000 	/System/Library/PrivateFrameworks/APFS.framework/Versions/A/APFS
0x00007fff402c5000 	/System/Library/Frameworks/SecurityFoundation.framework/Versions/A/SecurityFoundation
0x00007fff6c9ff000 	/usr/lib/libutil.dylib
0x00007fff4ca02000 	/System/Library/PrivateFrameworks/CoreServicesStore.framework/Versions/A/CoreServicesStore
0x00007fff4037c000 	/System/Library/Frameworks/ServiceManagement.framework/Versions/A/ServiceManagement
0x00007fff4870e000 	/System/Library/PrivateFrameworks/BackgroundTaskManagement.framework/Versions/A/BackgroundTaskManagement
0x00007fff6cafc000 	/usr/lib/libxslt.1.dylib
0x00007fff475b2000 	/System/Library/PrivateFrameworks/AppleSystemInfo.framework/Versions/A/AppleSystemInfo
0x00007fff36779000 	/System/Library/Frameworks/ImageIO.framework/Versions/A/Resources/libJPEG.dylib
0x00007fff36a35000 	/System/Library/Frameworks/ImageIO.framework/Versions/A/Resources/libTIFF.dylib
0x00007fff36a18000 	/System/Library/Frameworks/ImageIO.framework/Versions/A/Resources/libPng.dylib
0x00007fff366bb000 	/System/Library/Frameworks/ImageIO.framework/Versions/A/Resources/libGIF.dylib
0x00007fff366bf000 	/System/Library/Frameworks/ImageIO.framework/Versions/A/Resources/libJP2.dylib
0x00007fff36a33000 	/System/Library/Frameworks/ImageIO.framework/Versions/A/Resources/libRadiance.dylib
0x00007fff6b37d000 	/usr/lib/libexpat.1.dylib
0x00007fff4709b000 	/System/Library/PrivateFrameworks/AppleJPEG.framework/Versions/A/AppleJPEG
0x00007fff4fcdd000 	/System/Library/PrivateFrameworks/FontServices.framework/libFontParser.dylib
0x00007fff66531000 	/System/Library/PrivateFrameworks/WatchdogClient.framework/Versions/A/WatchdogClient
0x00007fff582b7000 	/System/Library/PrivateFrameworks/IOAccelerator.framework/Versions/A/IOAccelerator
0x00007fff38f43000 	/System/Library/Frameworks/MetalPerformanceShaders.framework/Versions/A/MetalPerformanceShaders
0x00007fff54a50000 	/System/Library/PrivateFrameworks/GPUWrangler.framework/Versions/A/GPUWrangler
0x00007fff582cc000 	/System/Library/PrivateFrameworks/IOPresentment.framework/Versions/A/IOPresentment
0x00007fff4d57e000 	/System/Library/PrivateFrameworks/DSExternalDisplay.framework/Versions/A/DSExternalDisplay
0x00007fff3d54a000 	/System/Library/Frameworks/OpenGL.framework/Versions/A/Libraries/libCoreFSCache.dylib
0x00007fff38c8f000 	/System/Library/Frameworks/MetalPerformanceShaders.framework/Frameworks/MPSCore.framework/Versions/A/MPSCore
0x00007fff38ccd000 	/System/Library/Frameworks/MetalPerformanceShaders.framework/Frameworks/MPSImage.framework/Versions/A/MPSImage
0x00007fff38d94000 	/System/Library/Frameworks/MetalPerformanceShaders.framework/Frameworks/MPSNeuralNetwork.framework/Versions/A/MPSNeuralNetwork
0x00007fff38d58000 	/System/Library/Frameworks/MetalPerformanceShaders.framework/Frameworks/MPSMatrix.framework/Versions/A/MPSMatrix
0x00007fff38ef3000 	/System/Library/Frameworks/MetalPerformanceShaders.framework/Frameworks/MPSRayIntersector.framework/Versions/A/MPSRayIntersector
0x00007fff38d7e000 	/System/Library/Frameworks/MetalPerformanceShaders.framework/Frameworks/MPSNDArray.framework/Versions/A/MPSNDArray
0x00007fff5a132000 	/System/Library/PrivateFrameworks/MetalTools.framework/Versions/A/MetalTools
0x00007fff461c8000 	/System/Library/PrivateFrameworks/AggregateDictionary.framework/Versions/A/AggregateDictionary
0x00007fff4af27000 	/System/Library/PrivateFrameworks/CoreAnalytics.framework/Versions/A/CoreAnalytics
0x00007fff474d1000 	/System/Library/PrivateFrameworks/AppleSauce.framework/Versions/A/AppleSauce
0x00007fff6a339000 	/usr/lib/libIOReport.dylib
0x00007fff3564b000 	/System/Library/Frameworks/CoreVideo.framework/Versions/A/CoreVideo
0x00007fff55eca000 	/System/Library/PrivateFrameworks/GraphVisualizer.framework/Versions/A/GraphVisualizer
0x00007fff4f231000 	/System/Library/PrivateFrameworks/FaceCore.framework/Versions/A/FaceCore
0x00007fff3cb60000 	/System/Library/Frameworks/OpenCL.framework/Versions/A/OpenCL
0x00007fff6a15b000 	/usr/lib/libFosl_dynamic.dylib
0x00007fff5b5fb000 	/System/Library/PrivateFrameworks/OTSVG.framework/Versions/A/OTSVG
0x00007fff3180d000 	/System/Library/Frameworks/ApplicationServices.framework/Versions/A/Frameworks/ATS.framework/Versions/A/Resources/libFontRegistry.dylib
0x00007fff4feae000 	/System/Library/PrivateFrameworks/FontServices.framework/libhvf.dylib
0x00007fff3d555000 	/System/Library/Frameworks/OpenGL.framework/Versions/A/Libraries/libGFXShared.dylib
0x00007fff3d733000 	/System/Library/Frameworks/OpenGL.framework/Versions/A/Libraries/libGLU.dylib
0x00007fff3d55e000 	/System/Library/Frameworks/OpenGL.framework/Versions/A/Libraries/libGL.dylib
0x00007fff3d569000 	/System/Library/Frameworks/OpenGL.framework/Versions/A/Libraries/libGLImage.dylib
0x00007fff3d547000 	/System/Library/Frameworks/OpenGL.framework/Versions/A/Libraries/libCVMSPluginSupport.dylib
0x00007fff3d550000 	/System/Library/Frameworks/OpenGL.framework/Versions/A/Libraries/libCoreVMClient.dylib
0x00007fff6bdcf000 	/usr/lib/libncurses.5.4.dylib
0x00007fff31709000 	/System/Library/Frameworks/ApplicationServices.framework/Versions/A/Frameworks/ATS.framework/Versions/A/ATS
0x00007fff318d6000 	/System/Library/Frameworks/ApplicationServices.framework/Versions/A/Frameworks/ColorSyncLegacy.framework/Versions/A/ColorSyncLegacy
0x00007fff31974000 	/System/Library/Frameworks/ApplicationServices.framework/Versions/A/Frameworks/HIServices.framework/Versions/A/HIServices
0x00007fff319cc000 	/System/Library/Frameworks/ApplicationServices.framework/Versions/A/Frameworks/LangAnalysis.framework/Versions/A/LangAnalysis
0x00007fff319db000 	/System/Library/Frameworks/ApplicationServices.framework/Versions/A/Frameworks/PrintCore.framework/Versions/A/PrintCore
0x00007fff31a21000 	/System/Library/Frameworks/ApplicationServices.framework/Versions/A/Frameworks/QD.framework/Versions/A/QD
0x00007fff31a2c000 	/System/Library/Frameworks/ApplicationServices.framework/Versions/A/Frameworks/SpeechSynthesis.framework/Versions/A/SpeechSynthesis
0x00007fff318a6000 	/System/Library/Frameworks/ApplicationServices.framework/Versions/A/Frameworks/ATSUI.framework/Versions/A/ATSUI
0x00007fff6b211000 	/usr/lib/libcups.2.dylib
0x00007fff37fe0000 	/System/Library/Frameworks/Kerberos.framework/Versions/A/Kerberos
0x00007fff36121000 	/System/Library/Frameworks/GSS.framework/Versions/A/GSS
0x00007fff6c550000 	/usr/lib/libresolv.9.dylib
0x00007fff56078000 	/System/Library/PrivateFrameworks/Heimdal.framework/Versions/A/Heimdal
0x00007fff37ff3000 	/System/Library/Frameworks/Kerberos.framework/Versions/A/Libraries/libHeimdalProxy.dylib
0x00007fff6b3ba000 	/usr/lib/libheimdal-asn1.dylib
0x00007fff4a3c0000 	/System/Library/PrivateFrameworks/CommonAuth.framework/Versions/A/CommonAuth
0x00007fff4764f000 	/System/Library/PrivateFrameworks/AssertionServices.framework/Versions/A/AssertionServices
0x00007fff481f1000 	/System/Library/PrivateFrameworks/AudioToolboxCore.framework/Versions/A/AudioToolboxCore
0x00007fff671db000 	/System/Library/PrivateFrameworks/caulk.framework/Versions/A/caulk
0x00007fff487ba000 	/System/Library/PrivateFrameworks/BaseBoard.framework/Versions/A/BaseBoard
0x00007fff5f846000 	/System/Library/PrivateFrameworks/RunningBoardServices.framework/Versions/A/RunningBoardServices
0x00007fff5c85a000 	/System/Library/PrivateFrameworks/PersistentConnection.framework/Versions/A/PersistentConnection
0x00007fff5f240000 	/System/Library/PrivateFrameworks/ProtocolBuffer.framework/Versions/A/ProtocolBuffer
0x00007fff4a3e4000 	/System/Library/PrivateFrameworks/CommonUtilities.framework/Versions/A/CommonUtilities
0x00007fff48948000 	/System/Library/PrivateFrameworks/Bom.framework/Versions/A/Bom
0x00007fff6a00c000 	/usr/lib/libAudioToolboxUtility.dylib
0x00007fff48718000 	/System/Library/PrivateFrameworks/Backup.framework/Versions/A/Backup
0x00007fff4d49f000 	/System/Library/PrivateFrameworks/CrashReporterSupport.framework/Versions/A/CrashReporterSupport
0x00007fff612d4000 	/System/Library/PrivateFrameworks/Sharing.framework/Versions/A/Sharing
0x00007fff46c5e000 	/System/Library/PrivateFrameworks/Apple80211.framework/Versions/A/Apple80211
0x00007fff48435000 	/System/Library/PrivateFrameworks/AuthKit.framework/Versions/A/AuthKit
0x00007fff4d1af000 	/System/Library/PrivateFrameworks/CoreUtils.framework/Versions/A/CoreUtils
0x00007fff35690000 	/System/Library/Frameworks/CoreWLAN.framework/Versions/A/CoreWLAN
0x00007fff362ae000 	/System/Library/Frameworks/IOBluetooth.framework/Versions/A/IOBluetooth
0x00007fff5a436000 	/System/Library/PrivateFrameworks/MobileKeyBag.framework/Versions/A/MobileKeyBag
0x00007fff4bfb5000 	/System/Library/PrivateFrameworks/CorePhoneNumbers.framework/Versions/A/CorePhoneNumbers
0x00007fff4704e000 	/System/Library/PrivateFrameworks/AppleIDAuthSupport.framework/Versions/A/AppleIDAuthSupport
0x00007fff39fd8000 	/System/Library/Frameworks/Network.framework/Versions/A/Network
0x00007fff58b07000 	/System/Library/PrivateFrameworks/KeychainCircle.framework/Versions/A/KeychainCircle
0x00007fff330e9000 	/System/Library/Frameworks/CoreBluetooth.framework/Versions/A/CoreBluetooth
0x00007fff63351000 	/System/Library/PrivateFrameworks/SpeechRecognitionCore.framework/Versions/A/SpeechRecognitionCore
0x0000000105000000 	/Library/Java/JavaVirtualMachines/jdk-11.0.6.jdk/Contents/Home/lib/server/libjvm.dylib
0x0000000103dfe000 	/Library/Java/JavaVirtualMachines/jdk-11.0.6.jdk/Contents/Home/lib/libverify.dylib
0x0000000103e0a000 	/Library/Java/JavaVirtualMachines/jdk-11.0.6.jdk/Contents/Home/lib/libjava.dylib
0x0000000103e99000 	/Library/Java/JavaVirtualMachines/jdk-11.0.6.jdk/Contents/Home/lib/libzip.dylib
0x0000000103ea0000 	/Library/Java/JavaVirtualMachines/jdk-11.0.6.jdk/Contents/Home/lib/libjimage.dylib
0x000000012636e000 	/Library/Java/JavaVirtualMachines/jdk-11.0.6.jdk/Contents/Home/lib/libnio.dylib
0x000000012637c000 	/Library/Java/JavaVirtualMachines/jdk-11.0.6.jdk/Contents/Home/lib/libnet.dylib
0x00000001047c1000 	/Users/benjaminhomm/javafx-sdk-11.0.2/lib/libprism_es2.dylib
0x00007fff4c9ce000 	/System/Library/PrivateFrameworks/CoreServicesInternal.framework/Versions/A/CoreServicesInternal
0x00007fff3e1bb000 	/System/Library/Frameworks/OpenGL.framework/Versions/A/Resources/GLEngine.bundle/GLEngine
0x00007fff3d59e000 	/System/Library/Frameworks/OpenGL.framework/Versions/A/Libraries/libGLProgrammability.dylib
0x00000001266bd000 	/System/Library/Extensions/AMDRadeonX4000GLDriver.bundle/Contents/MacOS/AMDRadeonX4000GLDriver
0x00007fff54a44000 	/System/Library/PrivateFrameworks/GPUSupport.framework/Versions/A/Libraries/libGPUSupportMercury.dylib
0x00007fff26a37000 	/System/Library/Extensions/AMDRadeonX4000GLDriver.bundle/Contents/MacOS/ATIRadeonX4000SCLib.dylib
0x00007fff27f82000 	/System/Library/Extensions/AMDShared.bundle/Contents/PlugIns/libSC.dylib
0x00007fff3e335000 	/System/Library/Frameworks/OpenGL.framework/Versions/A/Resources/GLRendererFloat.bundle/GLRendererFloat
0x00007fff3cb57000 	/System/Library/Frameworks/OpenCL.framework/Versions/A/Libraries/libcldcpuengine.dylib
0x00000001269d8000 	/Users/benjaminhomm/javafx-sdk-11.0.2/lib/libglass.dylib
0x00007fff35bac000 	/System/Library/Frameworks/FileProvider.framework/Versions/A/FileProvider
0x00007fff30750000 	/System/Library/Frameworks/Accounts.framework/Versions/A/Accounts
0x00007fff54d75000 	/System/Library/PrivateFrameworks/GenerationalStorage.framework/Versions/A/GenerationalStorage
0x00007fff4cf54000 	/System/Library/PrivateFrameworks/CoreSymbolication.framework/Versions/A/CoreSymbolication
0x00007fff63b91000 	/System/Library/PrivateFrameworks/SymptomDiagnosticReporter.framework/Versions/A/SymptomDiagnosticReporter
0x00007fff46763000 	/System/Library/PrivateFrameworks/AppContainer.framework/Versions/A/AppContainer
0x00007fff6c56a000 	/usr/lib/libsandbox.1.dylib
0x00007fff654d5000 	/System/Library/PrivateFrameworks/UserManagement.framework/Versions/A/UserManagement
0x00007fff49500000 	/System/Library/PrivateFrameworks/ChunkingLibrary.framework/Versions/A/ChunkingLibrary
0x00007fff4d6d3000 	/System/Library/PrivateFrameworks/DebugSymbols.framework/Versions/A/DebugSymbols
0x00007fff467d5000 	/System/Library/PrivateFrameworks/AppSandbox.framework/Versions/A/AppSandbox
0x00007fff6115e000 	/System/Library/PrivateFrameworks/SecCodeWrapper.framework/Versions/A/SecCodeWrapper
0x00007fff6a421000 	/usr/lib/libMatch.1.dylib
0x00007fff266b9000 	/System/Library/CoreServices/RawCamera.bundle/Contents/MacOS/RawCamera
0x00007fff5a260000 	/System/Library/PrivateFrameworks/MobileAsset.framework/Versions/A/MobileAsset
0x00007fff63a39000 	/System/Library/PrivateFrameworks/StreamingZip.framework/Versions/A/StreamingZip
0x00007fff3845b000 	/System/Library/Frameworks/MediaToolbox.framework/Versions/A/MediaToolbox
0x00007fff4aed7000 	/System/Library/PrivateFrameworks/CoreAVCHD.framework/Versions/A/CoreAVCHD
0x00007fff38385000 	/System/Library/Frameworks/MediaAccessibility.framework/Versions/A/MediaAccessibility
0x00007fff59616000 	/System/Library/PrivateFrameworks/Mangrove.framework/Versions/A/Mangrove
0x00007fff34858000 	/System/Library/Frameworks/CoreMedia.framework/Versions/A/CoreMedia
0x00007fff59882000 	/System/Library/PrivateFrameworks/MediaExperience.framework/Versions/A/MediaExperience
0x00007fff41318000 	/System/Library/Frameworks/VideoToolbox.framework/Versions/A/VideoToolbox
0x00007fff4ab01000 	/System/Library/PrivateFrameworks/CoreAUC.framework/Versions/A/CoreAUC
0x00007fff6c5c2000 	/usr/lib/libspindump.dylib
0x00007fff47ba0000 	/System/Library/PrivateFrameworks/AudioResourceArbitration.framework/Versions/A/AudioResourceArbitration
0x00007fff475b6000 	/System/Library/PrivateFrameworks/AppleVA.framework/Versions/A/AppleVA
0x00007fff2f2ce000 	/System/Library/Frameworks/Accelerate.framework/Versions/A/Frameworks/vImage.framework/Versions/A/Libraries/libCGInterfaces.dylib
0x000000012661a000 	/usr/lib/libobjc-trampolines.dylib
0x00007fff662a1000 	/System/Library/PrivateFrameworks/ViewBridge.framework/Versions/A/ViewBridge
0x00007fff4fe15000 	/System/Library/PrivateFrameworks/FontServices.framework/libTrueTypeScaler.dylib
0x00007fff6752e000 	/System/Library/PrivateFrameworks/login.framework/Versions/A/login
0x00007fff26909000 	/System/Library/Extensions/AMDMTLBronzeDriver.bundle/Contents/MacOS/AMDMTLBronzeDriver
0x00007fff582ad000 	/System/Library/PrivateFrameworks/IOAccelMemoryInfo.framework/Versions/A/IOAccelMemoryInfo
0x00007fff5339f000 	/System/Library/PrivateFrameworks/GPUCompiler.framework/Versions/3902/Libraries/libmetal_timestamp.dylib
0x000000012a36e000 	/Users/benjaminhomm/Desktop/LeapMotion/LeapSDK/lib/libLeapJava.dylib
0x000000012a3c7000 	/Users/benjaminhomm/Desktop/LeapMotion/LeapSDK/lib/libLeap.dylib
0x000000012647d000 	/Users/benjaminhomm/javafx-sdk-11.0.2/lib/libjavafx_font.dylib


VM Arguments:
jvm_args: -Dfile.encoding=UTF-8 -Djava.library.path=/Users/benjaminhomm/Desktop/LeapMotion/LeapSDK/lib --add-modules=javafx.controls,javafx.fxml --module-path=/Users/benjaminhomm/NetBeansProjects/LeapFX/build/classes:/Users/benjaminhomm/Desktop/LeapMotion/LeapSDK/lib/LeapJava.jar:/Users/benjaminhomm/javafx-sdk-11.0.2/lib/javafx-swt.jar:/Users/benjaminhomm/javafx-sdk-11.0.2/lib/javafx.base.jar:/Users/benjaminhomm/javafx-sdk-11.0.2/lib/javafx.controls.jar:/Users/benjaminhomm/javafx-sdk-11.0.2/lib/javafx.fxml.jar:/Users/benjaminhomm/javafx-sdk-11.0.2/lib/javafx.graphics.jar:/Users/benjaminhomm/javafx-sdk-11.0.2/lib/javafx.media.jar:/Users/benjaminhomm/javafx-sdk-11.0.2/lib/javafx.swing.jar:/Users/benjaminhomm/javafx-sdk-11.0.2/lib/javafx.web.jar 
java_command: leapfx.Leap
java_class_path (initial): /Users/benjaminhomm/Desktop/LeapMotion/LeapSDK/lib/LeapJava.jar:/Users/benjaminhomm/javafx-sdk-11.0.2/lib/javafx-swt.jar:/Users/benjaminhomm/javafx-sdk-11.0.2/lib/javafx.base.jar:/Users/benjaminhomm/javafx-sdk-11.0.2/lib/javafx.controls.jar:/Users/benjaminhomm/javafx-sdk-11.0.2/lib/javafx.fxml.jar:/Users/benjaminhomm/javafx-sdk-11.0.2/lib/javafx.graphics.jar:/Users/benjaminhomm/javafx-sdk-11.0.2/lib/javafx.media.jar:/Users/benjaminhomm/javafx-sdk-11.0.2/lib/javafx.swing.jar:/Users/benjaminhomm/javafx-sdk-11.0.2/lib/javafx.web.jar:/Users/benjaminhomm/NetBeansProjects/LeapFX/build/classes
Launcher Type: SUN_STANDARD

[Global flags]
     intx CICompilerCount                          = 3                                         {product} {ergonomic}
     uint ConcGCThreads                            = 1                                         {product} {ergonomic}
     uint G1ConcRefinementThreads                  = 4                                         {product} {ergonomic}
   size_t G1HeapRegionSize                         = 1048576                                   {product} {ergonomic}
    uintx GCDrainStackTargetSize                   = 64                                        {product} {ergonomic}
   size_t InitialHeapSize                          = 134217728                                 {product} {ergonomic}
   size_t MarkStackSize                            = 4194304                                   {product} {ergonomic}
   size_t MaxHeapSize                              = 2147483648                                {product} {ergonomic}
   size_t MaxNewSize                               = 1287651328                                {product} {ergonomic}
   size_t MinHeapDeltaBytes                        = 1048576                                   {product} {ergonomic}
    uintx NonNMethodCodeHeapSize                   = 5830732                                {pd product} {ergonomic}
    uintx NonProfiledCodeHeapSize                  = 122913754                              {pd product} {ergonomic}
    uintx ProfiledCodeHeapSize                     = 122913754                              {pd product} {ergonomic}
    uintx ReservedCodeCacheSize                    = 251658240                              {pd product} {ergonomic}
     bool SegmentedCodeCache                       = true                                      {product} {ergonomic}
     bool UseCompressedClassPointers               = true                                 {lp64_product} {ergonomic}
     bool UseCompressedOops                        = true                                 {lp64_product} {ergonomic}
     bool UseG1GC                                  = true                                      {product} {ergonomic}

Logging:
Log output configuration:
 #0: stdout all=warning uptime,level,tags
 #1: stderr all=off uptime,level,tags

Environment Variables:
PATH=/usr/bin:/bin:/usr/sbin:/sbin
SHELL=/bin/bash

Signal Handlers:
SIGSEGV: [libjvm.dylib+0x73ea04], sa_mask[0]=11111111011111110111111111111111, sa_flags=SA_ONSTACK|SA_RESTART|SA_SIGINFO
SIGBUS: [libjvm.dylib+0x73ea04], sa_mask[0]=11111111011111110111111111111111, sa_flags=SA_RESTART|SA_SIGINFO
SIGFPE: [libjvm.dylib+0x73ea04], sa_mask[0]=11111111011111110111111111111111, sa_flags=SA_RESTART|SA_SIGINFO
SIGPIPE: [libjvm.dylib+0x5f1e1f], sa_mask[0]=11111111011111110111111111111111, sa_flags=SA_RESTART|SA_SIGINFO
SIGXFSZ: [libjvm.dylib+0x5f1e1f], sa_mask[0]=11111111011111110111111111111111, sa_flags=SA_RESTART|SA_SIGINFO
SIGILL: [libjvm.dylib+0x73ea04], sa_mask[0]=11111111011111110111111111111111, sa_flags=SA_RESTART|SA_SIGINFO
SIGUSR2: [libjvm.dylib+0x5f2409], sa_mask[0]=00100000000000000000000000000000, sa_flags=SA_RESTART|SA_SIGINFO
SIGHUP: [libjvm.dylib+0x5f0e67], sa_mask[0]=11111111011111110111111111111111, sa_flags=SA_RESTART|SA_SIGINFO
SIGINT: SIG_IGN, sa_mask[0]=00000000000000000000000000000000, sa_flags=none
SIGTERM: [libjvm.dylib+0x5f0e67], sa_mask[0]=11111111011111110111111111111111, sa_flags=SA_RESTART|SA_SIGINFO
SIGQUIT: [libjvm.dylib+0x5f0e67], sa_mask[0]=11111111011111110111111111111111, sa_flags=SA_RESTART|SA_SIGINFO


---------------  S Y S T E M  ---------------

OS:uname:Darwin 19.4.0 Darwin Kernel Version 19.4.0: Wed Mar  4 22:28:40 PST 2020; root:xnu-6153.101.6~15/RELEASE_X86_64 x86_64
rlimit: STACK 8192k, CORE 0k, NPROC 1392, NOFILE 10240, AS infinity, DATA infinity, FSIZE infinity
load average:3.00 2.34 2.12

CPU:total 4 (initial active 4) (4 cores per cpu, 1 threads per core) family 6 model 94 stepping 3, cmov, cx8, fxsr, mmx, sse, sse2, sse3, ssse3, sse4.1, sse4.2, popcnt, avx, avx2, aes, clmul, erms, rtm, 3dnowpref, lzcnt, tsc, tscinvbit, bmi1, bmi2, adx, fma

Memory: 4k page, physical 8388608k(59984k free)

vm_info: Java HotSpot(TM) 64-Bit Server VM (11.0.6+8-LTS) for bsd-amd64 JRE (11.0.6+8-LTS), built on Dec 11 2019 09:19:47 by "mach5one" with gcc 4.2.1 Compatible Apple LLVM 10.0.0 (clang-1000.11.45.5)

END.
